Using pre-set license
Built from '2020.2/release' branch; Version is '2020.2.0f1 (3721df5a8b28) revision 3613151'; Using compiler version '192528614'; Build Type 'Release'
OS: 'Windows 10  (10.0.0) 64bit' Language: 'en' Physical Memory: 16293 MB
BatchMode: 1, IsHumanControllingUs: 0, StartBugReporterOnCrash: 0, Is64bit: 1, IsPro: 0

 COMMAND LINE ARGUMENTS:
C:\Program Files\Unity\Editor\Unity.exe
-adb2
-batchMode
-noUpm
-name
AssetImportWorker0
-projectPath
C:/Users/Demon/OneDrive/Documents/GitHub/A3/LiamBlake_GAME3002_A3
-logFile
Logs/AssetImportWorker0.log
-srvPort
60598
Successfully changed project path to: C:/Users/Demon/OneDrive/Documents/GitHub/A3/LiamBlake_GAME3002_A3
C:/Users/Demon/OneDrive/Documents/GitHub/A3/LiamBlake_GAME3002_A3
Using Asset Import Pipeline V2.
Refreshing native plugins compatible for Editor in 49.27 ms, found 0 plugins.
Preloading 0 native plugins for Editor in 0.00 ms.
Initialize engine version: 2020.2.0f1 (3721df5a8b28)
[Subsystems] Discovering subsystems at path C:/Program Files/Unity/Editor/Data/Resources/UnitySubsystems
[Subsystems] Discovering subsystems at path C:/Users/Demon/OneDrive/Documents/GitHub/A3/LiamBlake_GAME3002_A3/Assets
GfxDevice: creating device client; threaded=0
Direct3D:
    Version:  Direct3D 11.0 [level 11.1]
    Renderer: NVIDIA GeForce RTX 2070 SUPER (ID=0x1e84)
    Vendor:   
    VRAM:     8011 MB
    Driver:   27.21.14.6589
Shader 'Universal Render Pipeline/Particles/Lit': fallback shader 'Universal Render Pipeline/Particles/SimpleLit' not found
Initialize mono
Mono path[0] = 'C:/Program Files/Unity/Editor/Data/Managed'
Mono path[1] = 'C:/Program Files/Unity/Editor/Data/MonoBleedingEdge/lib/mono/unityjit'
Mono config path = 'C:/Program Files/Unity/Editor/Data/MonoBleedingEdge/etc'
Using monoOptions --debugger-agent=transport=dt_socket,embedding=1,server=y,suspend=n,address=127.0.0.1:56428
Begin MonoManager ReloadAssembly
Registering precompiled unity dll's ...
Register platform support module: C:/Program Files/Unity/Editor/Data/PlaybackEngines/WindowsStandaloneSupport/UnityEditor.WindowsStandalone.Extensions.dll
Registered in 0.002113 seconds.
Native extension for WindowsStandalone target not found
Refreshing native plugins compatible for Editor in 49.05 ms, found 0 plugins.
Preloading 0 native plugins for Editor in 0.00 ms.
Invoked RoslynAnalysisRunner static constructor.
RoslynAnalysisRunner will not be running.
RoslynAnalysisRunner has terminated.
Mono: successfully reloaded assembly
- Completed reload, in  1.035 seconds
Platform modules already initialized, skipping
Registering precompiled user dll's ...
Registered in 0.001408 seconds.
Begin MonoManager ReloadAssembly
Native extension for WindowsStandalone target not found
Refreshing native plugins compatible for Editor in 51.16 ms, found 0 plugins.
Preloading 0 native plugins for Editor in 0.00 ms.
Invoked RoslynAnalysisRunner static constructor.
RoslynAnalysisRunner will not be running.
RoslynAnalysisRunner has terminated.
Mono: successfully reloaded assembly
- Completed reload, in  0.999 seconds
Platform modules already initialized, skipping
========================================================================
Worker process is ready to serve import requests
Shader 'Universal Render Pipeline/Particles/Lit': fallback shader 'Universal Render Pipeline/Particles/SimpleLit' not found
Launched and connected shader compiler UnityShaderCompiler.exe after 0.04 seconds
Refreshing native plugins compatible for Editor in 0.45 ms, found 0 plugins.
Preloading 0 native plugins for Editor in 0.00 ms.
Unloading 2561 Unused Serialized files (Serialized files now loaded: 0)
System memory in use before: 123.7 MB.
System memory in use after: 123.8 MB.

Unloading 12 unused Assets to reduce memory usage. Loaded Objects now: 3016.
Total: 2.071000 ms (FindLiveObjects: 0.237800 ms CreateObjectMapping: 0.130700 ms MarkObjects: 1.627000 ms  DeleteObjects: 0.074600 ms)

========================================================================
Received Import Request.
  path: Assets/Enemy_Spikeball/3dobjects/Materials/spikeball_big-spikeball_big_metal.mat
  artifactKey: Guid(95e17375eabc04a429811b9499b3dc8e) Importer(815301076,1909f56bfc062723c751e8b465ee728b)
Start importing Assets/Enemy_Spikeball/3dobjects/Materials/spikeball_big-spikeball_big_metal.mat using Guid(95e17375eabc04a429811b9499b3dc8e) Importer(815301076,1909f56bfc062723c751e8b465ee728b)  -> (artifact id: '98f34518d50d8aecdd5521649ba4cd56') in 0.222724 seconds
  Import took 0.226548 seconds .

========================================================================
Received Import Request.
  Time since last request: 0.000313 seconds.
  path: Assets/Enemy_Spikeball/3dobjects/Materials/spikeball_big-spikeball_big_lightrings.mat
  artifactKey: Guid(8c1034ea4e1afad4ba65d60dc43abcd4) Importer(815301076,1909f56bfc062723c751e8b465ee728b)
Start importing Assets/Enemy_Spikeball/3dobjects/Materials/spikeball_big-spikeball_big_lightrings.mat using Guid(8c1034ea4e1afad4ba65d60dc43abcd4) Importer(815301076,1909f56bfc062723c751e8b465ee728b)  -> (artifact id: '04ea7912da694ba5dca67daa4a9c9766') in 0.015256 seconds
  Import took 0.018686 seconds .

========================================================================
Received Import Request.
  Time since last request: 0.002683 seconds.
  path: Assets/Enemy_Spikeball/3dobjects/Materials/spikeball_big-spikeball_big_lightrings.mat
  artifactKey: Guid(8c1034ea4e1afad4ba65d60dc43abcd4) Importer(815301076,1909f56bfc062723c751e8b465ee728b)
Start importing Assets/Enemy_Spikeball/3dobjects/Materials/spikeball_big-spikeball_big_lightrings.mat using Guid(8c1034ea4e1afad4ba65d60dc43abcd4) Importer(815301076,1909f56bfc062723c751e8b465ee728b)  -> (artifact id: '04ea7912da694ba5dca67daa4a9c9766') in 0.010220 seconds
  Import took 0.014358 seconds .

AssetImportWorkerClient::OnTransportError - code=2 error=End of file
